6/27/2022 11:13:05 AM	This log contains information about the import schema operation into project 'mm-synapse' on computer 'MEMASANZSB2' by user 'memasanz'.
6/27/2022 11:13:05 AM	Import of database schema has started.
6/27/2022 11:13:09 AM	Gathering logins
6/27/2022 11:13:10 AM	Gathering database credentials
6/27/2022 11:13:10 AM	Gathering database options
6/27/2022 11:13:10 AM	Gathering users
6/27/2022 11:13:10 AM	Gathering roles
6/27/2022 11:13:10 AM	Gathering role memberships
6/27/2022 11:13:10 AM	Gathering certificates
6/27/2022 11:13:10 AM	Gathering asymmetric keys
6/27/2022 11:13:10 AM	Gathering symmetric keys
6/27/2022 11:13:10 AM	Gathering encrypted symmetric keys
6/27/2022 11:13:10 AM	Gathering schemas
6/27/2022 11:13:10 AM	Gathering functions
6/27/2022 11:13:11 AM	Gathering procedures
6/27/2022 11:13:11 AM	Gathering partition table specification
6/27/2022 11:13:11 AM	Gathering tables
6/27/2022 11:13:12 AM	Gathering primary keys
6/27/2022 11:13:13 AM	Gathering unique constraints
6/27/2022 11:13:13 AM	Gathering default constraints
6/27/2022 11:13:13 AM	Gathering views
6/27/2022 11:13:13 AM	Gathering indexes
6/27/2022 11:13:14 AM	Gathering statistics
6/27/2022 11:13:14 AM	Gathering column store indexes
6/27/2022 11:13:15 AM	Gathering security policies
6/27/2022 11:13:15 AM	Gathering external data sources
6/27/2022 11:13:15 AM	Gathering external file formats
6/27/2022 11:13:15 AM	Gathering external tables
6/27/2022 11:13:15 AM	Gathering Workload Groups
6/27/2022 11:13:15 AM	Gathering Workload Classifiers
6/27/2022 11:13:16 AM	Gathering logins
6/27/2022 11:13:19 AM	Scanning project for duplicate elements
6/27/2022 11:13:20 AM	Finished duplicate element processing
6/27/2022 11:13:21 AM	Finished importing database.
6/27/2022 11:13:21 AM	A summary of the import was saved to the following location: C:\Users\memasanz\source\repos\mm-synapse-tables\mm-synapse\Import Schema Logs\mm-synapse_20220627041305.log
6/27/2022 11:13:21 AM	Click Finish to continue...
